[debug] [2022-05-01T09:47:59.884Z] ----------------------------------------------------------------------
[debug] [2022-05-01T09:47:59.886Z] Command:       C:\Program Files\nodejs\node.exe C:\Users\Sagar Gupta\AppData\Roaming\npm\node_modules\firebase-tools\lib\bin\firebase.js init
[debug] [2022-05-01T09:47:59.887Z] CLI Version:   10.7.2
[debug] [2022-05-01T09:47:59.887Z] Platform:      win32
[debug] [2022-05-01T09:47:59.887Z] Node Version:  v14.14.0
[debug] [2022-05-01T09:47:59.889Z] Time:          Sun May 01 2022 15:17:59 GMT+0530 (India Standard Time)
[debug] [2022-05-01T09:47:59.889Z] ----------------------------------------------------------------------
[debug] 
[debug] [2022-05-01T09:47:59.901Z] > command requires scopes: ["email","openid","https://www.googleapis.com/auth/cloudplatformprojects.readonly","https://www.googleapis.com/auth/firebase","https://www.googleapis.com/auth/cloud-platform"]
[debug] [2022-05-01T09:47:59.901Z] > authorizing via signed-in user (seagupta12@gmail.com)
[info] 
     ######## #### ########  ######## ########     ###     ######  ########
     ##        ##  ##     ## ##       ##     ##  ##   ##  ##       ##
     ######    ##  ########  ######   ########  #########  ######  ######
     ##        ##  ##    ##  ##       ##     ## ##     ##       ## ##
     ##       #### ##     ## ######## ########  ##     ##  ######  ########

You're about to initialize a Firebase project in this directory:

  C:\Users\Sagar Gupta\Desktop\google-auth-dashboard

[info] 
=== Project Setup
[info] 
[info] First, let's associate this project directory with a Firebase project.
[info] You can create multiple project aliases by running firebase use --add, 
[info] but for now we'll just set up a default project.
[info] 
[info] 
=== Hosting Setup
[info] 
[info] Your public directory is the folder (relative to your project directory) that
[info] will contain Hosting assets to be uploaded with firebase deploy. If you
[info] have a build process for your assets, use your build's output directory.
[info] 
